Using pre-set license
Built from '2020.3/release' branch; Version is '2020.3.2f1 (8fd9074bf66c) revision 9427207'; Using compiler version '192528614'; Build Type 'Release'
OS: 'Windows 10 Pro; OS build 19042.985; Version 2009; 64bit' Language: 'en' Physical Memory: 8029 MB
BatchMode: 1, IsHumanControllingUs: 0, StartBugReporterOnCrash: 0, Is64bit: 1, IsPro: 0

 COMMAND LINE ARGUMENTS:
C:\Program Files\Unity\Hub\Editor\2020.3.2f1\Editor\Unity.exe
-adb2
-batchMode
-noUpm
-name
AssetImportWorker0
-projectPath
C:/Users/Ljuben/Domashno1
-logFile
Logs/AssetImportWorker0.log
-srvPort
64900
Successfully changed project path to: C:/Users/Ljuben/Domashno1
C:/Users/Ljuben/Domashno1
Using Asset Import Pipeline V2.
Refreshing native plugins compatible for Editor in 46.90 ms, found 0 plugins.
Preloading 0 native plugins for Editor in 0.00 ms.
Initialize engine version: 2020.3.2f1 (8fd9074bf66c)
[Subsystems] Discovering subsystems at path C:/Program Files/Unity/Hub/Editor/2020.3.2f1/Editor/Data/Resources/UnitySubsystems
[Subsystems] Discovering subsystems at path C:/Users/Ljuben/Domashno1/Assets
GfxDevice: creating device client; threaded=0
Direct3D:
    Version:  Direct3D 11.0 [level 11.1]
    Renderer: NVIDIA GeForce GTX 1650 (ID=0x1f91)
    Vendor:   
    VRAM:     3962 MB
    Driver:   27.21.14.6627
Initialize mono
Mono path[0] = 'C:/Program Files/Unity/Hub/Editor/2020.3.2f1/Editor/Data/Managed'
Mono path[1] = 'C:/Program Files/Unity/Hub/Editor/2020.3.2f1/Editor/Data/MonoBleedingEdge/lib/mono/unityjit'
Mono config path = 'C:/Program Files/Unity/Hub/Editor/2020.3.2f1/Editor/Data/MonoBleedingEdge/etc'
Using monoOptions --debugger-agent=transport=dt_socket,embedding=1,server=y,suspend=n,address=127.0.0.1:56380
Begin MonoManager ReloadAssembly
Registering precompiled unity dll's ...
Register platform support module: C:/Program Files/Unity/Hub/Editor/2020.3.2f1/Editor/Data/PlaybackEngines/WindowsStandaloneSupport/UnityEditor.WindowsStandalone.Extensions.dll
Registered in 0.002186 seconds.
Native extension for WindowsStandalone target not found
Refreshing native plugins compatible for Editor in 45.68 ms, found 0 plugins.
Preloading 0 native plugins for Editor in 0.00 ms.
Invoked RoslynAnalysisRunner static constructor.
RoslynAnalysisRunner will not be running.
RoslynAnalysisRunner has terminated.
Mono: successfully reloaded assembly
- Completed reload, in  3.856 seconds
Platform modules already initialized, skipping
Registering precompiled user dll's ...
Registered in 0.001523 seconds.
Begin MonoManager ReloadAssembly
Native extension for WindowsStandalone target not found
Refreshing native plugins compatible for Editor in 45.78 ms, found 0 plugins.
Preloading 0 native plugins for Editor in 0.00 ms.
Invoked RoslynAnalysisRunner static constructor.
RoslynAnalysisRunner will not be running.
RoslynAnalysisRunner has terminated.
Mono: successfully reloaded assembly
- Completed reload, in  0.919 seconds
Platform modules already initialized, skipping
========================================================================
Worker process is ready to serve import requests
Shader 'Universal Render Pipeline/Particles/Lit': fallback shader 'Universal Render Pipeline/Particles/SimpleLit' not found
Shader 'Universal Render Pipeline/Particles/Lit': fallback shader 'Universal Render Pipeline/Particles/SimpleLit' not found
Launched and connected shader compiler UnityShaderCompiler.exe after 0.05 seconds
Refreshing native plugins compatible for Editor in 0.54 ms, found 0 plugins.
Preloading 0 native plugins for Editor in 0.00 ms.
Unloading 2458 Unused Serialized files (Serialized files now loaded: 0)
System memory in use before: 119.1 MB.
System memory in use after: 116.6 MB.

Unloading 44 unused Assets to reduce memory usage. Loaded Objects now: 2876.
Total: 3.157700 ms (FindLiveObjects: 0.321500 ms CreateObjectMapping: 0.149000 ms MarkObjects: 1.576300 ms  DeleteObjects: 1.109900 ms)

========================================================================
Received Import Request.
  path: Assets/main_menu.unity
  artifactKey: Guid(0616d0401e34f254e9062c7c8851e7e8) Importer(815301076,1909f56bfc062723c751e8b465ee728b)
Start importing Assets/main_menu.unity using Guid(0616d0401e34f254e9062c7c8851e7e8) Importer(815301076,1909f56bfc062723c751e8b465ee728b)  -> (artifact id: '886b5fc474625ba629b3012af4833860') in 0.017931 seconds
  Import took 0.024555 seconds .

========================================================================
Received Import Request.
  Time since last request: 23.731387 seconds.
  path: Assets/domashno1.unity
  artifactKey: Guid(229b1c506991bfe46874bbf2e72ff715) Importer(815301076,1909f56bfc062723c751e8b465ee728b)
Start importing Assets/domashno1.unity using Guid(229b1c506991bfe46874bbf2e72ff715) Importer(815301076,1909f56bfc062723c751e8b465ee728b)  -> (artifact id: 'f1ffd27434f5bc90ee580e9319e7d920') in 0.002105 seconds
  Import took 0.009119 seconds .

========================================================================
Received Import Request.
  Time since last request: 136.668438 seconds.
  path: Assets/MainMenu.cs
  artifactKey: Guid(5d4be415bea8c894190b96c196f4e101) Importer(815301076,1909f56bfc062723c751e8b465ee728b)
Start importing Assets/MainMenu.cs using Guid(5d4be415bea8c894190b96c196f4e101) Importer(815301076,1909f56bfc062723c751e8b465ee728b)  -> (artifact id: 'd27d62211ccd5fc6d34fe3e10b4cd412') in 0.048003 seconds
  Import took 0.052806 seconds .

========================================================================
Received Import Request.
  Time since last request: 0.952370 seconds.
  path: Assets/options_menu.unity
  artifactKey: Guid(abfcef25712853247b488707767bcb71) Importer(815301076,1909f56bfc062723c751e8b465ee728b)
Start importing Assets/options_menu.unity using Guid(abfcef25712853247b488707767bcb71) Importer(815301076,1909f56bfc062723c751e8b465ee728b)  -> (artifact id: '0341c63c8e3c9ef970009bc102b7d5ae') in 0.001980 seconds
  Import took 0.007496 seconds .

========================================================================
Received Import Request.
  Time since last request: 58.827961 seconds.
  path: Assets/OptionsMenu.cs
  artifactKey: Guid(103a447291e77444995fc22810d5bbfc) Importer(815301076,1909f56bfc062723c751e8b465ee728b)
Start importing Assets/OptionsMenu.cs using Guid(103a447291e77444995fc22810d5bbfc) Importer(815301076,1909f56bfc062723c751e8b465ee728b)  -> (artifact id: '714a658fb30c44238488018dfc003405') in 0.015261 seconds
  Import took 0.024016 seconds .

========================================================================
Received Import Request.
  Time since last request: 17.622878 seconds.
  path: Assets/PauseMenu.cs
  artifactKey: Guid(1dc6333a25ab2cc4794b62619145750c) Importer(815301076,1909f56bfc062723c751e8b465ee728b)
Start importing Assets/PauseMenu.cs using Guid(1dc6333a25ab2cc4794b62619145750c) Importer(815301076,1909f56bfc062723c751e8b465ee728b)  -> (artifact id: 'b8fc5dddc12648d4372b7ed16835ffce') in 0.015214 seconds
  Import took 0.026747 seconds .

AssetImportWorkerClient::OnTransportError - code=2 error=End of file
