Using pre-set license
Built from '2020.3/release' branch; Version is '2020.3.2f1 (8fd9074bf66c) revision 9427207'; Using compiler version '192528614'; Build Type 'Release'
OS: 'Windows 10 Pro; OS build 19042.867; Version 2009; 64bit' Language: 'en' Physical Memory: 8029 MB
BatchMode: 1, IsHumanControllingUs: 0, StartBugReporterOnCrash: 0, Is64bit: 1, IsPro: 0

 COMMAND LINE ARGUMENTS:
C:\Program Files\Unity\Hub\Editor\2020.3.2f1\Editor\Unity.exe
-adb2
-batchMode
-noUpm
-name
AssetImportWorker0
-projectPath
C:/Users/Ljuben/Domashno1
-logFile
Logs/AssetImportWorker0.log
-srvPort
62949
Successfully changed project path to: C:/Users/Ljuben/Domashno1
C:/Users/Ljuben/Domashno1
Using Asset Import Pipeline V2.
Refreshing native plugins compatible for Editor in 112.58 ms, found 0 plugins.
Preloading 0 native plugins for Editor in 0.00 ms.
Initialize engine version: 2020.3.2f1 (8fd9074bf66c)
[Subsystems] Discovering subsystems at path C:/Program Files/Unity/Hub/Editor/2020.3.2f1/Editor/Data/Resources/UnitySubsystems
[Subsystems] Discovering subsystems at path C:/Users/Ljuben/Domashno1/Assets
GfxDevice: creating device client; threaded=0
Direct3D:
    Version:  Direct3D 11.0 [level 11.1]
    Renderer: NVIDIA GeForce GTX 1650 (ID=0x1f91)
    Vendor:   
    VRAM:     3962 MB
    Driver:   27.21.14.6589
Initialize mono
Mono path[0] = 'C:/Program Files/Unity/Hub/Editor/2020.3.2f1/Editor/Data/Managed'
Mono path[1] = 'C:/Program Files/Unity/Hub/Editor/2020.3.2f1/Editor/Data/MonoBleedingEdge/lib/mono/unityjit'
Mono config path = 'C:/Program Files/Unity/Hub/Editor/2020.3.2f1/Editor/Data/MonoBleedingEdge/etc'
Using monoOptions --debugger-agent=transport=dt_socket,embedding=1,server=y,suspend=n,address=127.0.0.1:56420
Begin MonoManager ReloadAssembly
Registering precompiled unity dll's ...
Register platform support module: C:/Program Files/Unity/Hub/Editor/2020.3.2f1/Editor/Data/PlaybackEngines/WindowsStandaloneSupport/UnityEditor.WindowsStandalone.Extensions.dll
Registered in 0.002225 seconds.
Native extension for WindowsStandalone target not found
Refreshing native plugins compatible for Editor in 50.94 ms, found 0 plugins.
Preloading 0 native plugins for Editor in 0.00 ms.
Invoked RoslynAnalysisRunner static constructor.
RoslynAnalysisRunner will not be running.
RoslynAnalysisRunner has terminated.
Mono: successfully reloaded assembly
- Completed reload, in  3.247 seconds
Platform modules already initialized, skipping
Registering precompiled user dll's ...
Registered in 0.001683 seconds.
Begin MonoManager ReloadAssembly
Native extension for WindowsStandalone target not found
Refreshing native plugins compatible for Editor in 40.58 ms, found 0 plugins.
Preloading 0 native plugins for Editor in 0.00 ms.
Invoked RoslynAnalysisRunner static constructor.
RoslynAnalysisRunner will not be running.
RoslynAnalysisRunner has terminated.
Mono: successfully reloaded assembly
- Completed reload, in  0.894 seconds
Platform modules already initialized, skipping
========================================================================
Worker process is ready to serve import requests
Shader 'Universal Render Pipeline/Particles/Lit': fallback shader 'Universal Render Pipeline/Particles/SimpleLit' not found
Shader 'Universal Render Pipeline/Particles/Lit': fallback shader 'Universal Render Pipeline/Particles/SimpleLit' not found
Launched and connected shader compiler UnityShaderCompiler.exe after 0.06 seconds
Refreshing native plugins compatible for Editor in 0.92 ms, found 0 plugins.
Preloading 0 native plugins for Editor in 0.00 ms.
Unloading 2421 Unused Serialized files (Serialized files now loaded: 0)
System memory in use before: 114.1 MB.
System memory in use after: 111.3 MB.

Unloading 45 unused Assets to reduce memory usage. Loaded Objects now: 2827.
Total: 8.226200 ms (FindLiveObjects: 0.863900 ms CreateObjectMapping: 0.408100 ms MarkObjects: 3.790800 ms  DeleteObjects: 3.160100 ms)

========================================================================
Received Import Request.
  path: Assets/Readme.asset
  artifactKey: Guid(83c2ed844a8c74b779a4c823d16594b1) Importer(815301076,1909f56bfc062723c751e8b465ee728b)
Start importing Assets/Readme.asset using Guid(83c2ed844a8c74b779a4c823d16594b1) Importer(815301076,1909f56bfc062723c751e8b465ee728b)  -> (artifact id: '76da366aee205517589073b18f08326b') in 0.083675 seconds
  Import took 0.090142 seconds .

========================================================================
Received Prepare
Registering precompiled user dll's ...
Registered in 0.001395 seconds.
Begin MonoManager ReloadAssembly
Native extension for WindowsStandalone target not found
Refreshing native plugins compatible for Editor in 0.44 ms, found 0 plugins.
Preloading 0 native plugins for Editor in 0.00 ms.
Invoked RoslynAnalysisRunner static constructor.
RoslynAnalysisRunner will not be running.
RoslynAnalysisRunner has terminated.
Mono: successfully reloaded assembly
- Completed reload, in  1.116 seconds
Platform modules already initialized, skipping
Switching build target platform(5) subTarget(0) extendedPlatform(0) -> platform(13) subTarget(537395200) extendedPlatform(0)
Shader 'Universal Render Pipeline/Particles/Lit': fallback shader 'Universal Render Pipeline/Particles/SimpleLit' not found
Shader 'Universal Render Pipeline/Particles/Lit': fallback shader 'Universal Render Pipeline/Particles/SimpleLit' not found
Refreshing native plugins compatible for Editor in 0.73 ms, found 0 plugins.
Preloading 0 native plugins for Editor in 0.00 ms.
Unloading 2350 Unused Serialized files (Serialized files now loaded: 0)
System memory in use before: 110.3 MB.
System memory in use after: 107.6 MB.

Unloading 40 unused Assets to reduce memory usage. Loaded Objects now: 2830.
Total: 7.596400 ms (FindLiveObjects: 0.455200 ms CreateObjectMapping: 0.182000 ms MarkObjects: 3.675000 ms  DeleteObjects: 3.277600 ms)

AssetImportParameters requested are different than current active one (requested -> active):
  custom:graphics/normal-map-encoding: 01000000000000000000000000000000 -> 02000000000000000000000000000000
========================================================================
Received Prepare
Shader 'Universal Render Pipeline/Particles/Lit': fallback shader 'Universal Render Pipeline/Particles/SimpleLit' not found
Shader 'Universal Render Pipeline/Particles/Lit': fallback shader 'Universal Render Pipeline/Particles/SimpleLit' not found
Refreshing native plugins compatible for Editor in 2.32 ms, found 0 plugins.
Preloading 0 native plugins for Editor in 0.00 ms.
Unloading 38 Unused Serialized files (Serialized files now loaded: 0)
System memory in use before: 64.8 MB.
System memory in use after: 62.1 MB.

Unloading 38 unused Assets to reduce memory usage. Loaded Objects now: 2830.
Total: 11.065400 ms (FindLiveObjects: 0.719900 ms CreateObjectMapping: 0.258000 ms MarkObjects: 5.701000 ms  DeleteObjects: 4.384300 ms)

========================================================================
Received Import Request.
  Time since last request: 894.482258 seconds.
  path: Assets/Darth_Artisan
  artifactKey: Guid(1dda5fe30fd2a42bba9d51692a095c6b) Importer(815301076,1909f56bfc062723c751e8b465ee728b)
Start importing Assets/Darth_Artisan using Guid(1dda5fe30fd2a42bba9d51692a095c6b) Importer(815301076,1909f56bfc062723c751e8b465ee728b)  -> (artifact id: '4a2f8262cca3f83d80175e782098669e') in 0.003165 seconds
  Import took 0.008523 seconds .

========================================================================
Received Import Request.
  Time since last request: 13.499055 seconds.
  path: Assets/ExampleAssets
  artifactKey: Guid(990f5c2df70993f4987a388ca178996a) Importer(815301076,1909f56bfc062723c751e8b465ee728b)
Start importing Assets/ExampleAssets using Guid(990f5c2df70993f4987a388ca178996a) Importer(815301076,1909f56bfc062723c751e8b465ee728b)  -> (artifact id: 'be0f31f33f14f7a75058429aa6e6fffe') in 0.001854 seconds
  Import took 0.006710 seconds .

========================================================================
Received Import Request.
  Time since last request: 3.559741 seconds.
  path: Assets/Darth_Artisan/Free_Trees
  artifactKey: Guid(b7aee0f11d1aa466daa952466d59cae8) Importer(815301076,1909f56bfc062723c751e8b465ee728b)
Start importing Assets/Darth_Artisan/Free_Trees using Guid(b7aee0f11d1aa466daa952466d59cae8) Importer(815301076,1909f56bfc062723c751e8b465ee728b)  -> (artifact id: '593779ecdb0ec243d33124473b0c06c4') in 0.002761 seconds
  Import took 0.006817 seconds .

========================================================================
Received Import Request.
  Time since last request: 1.189911 seconds.
  path: Assets/Darth_Artisan/Free_Trees/Meshes
  artifactKey: Guid(a6ef2755a6b574604ade3c2a47d9d0c3) Importer(815301076,1909f56bfc062723c751e8b465ee728b)
Start importing Assets/Darth_Artisan/Free_Trees/Meshes using Guid(a6ef2755a6b574604ade3c2a47d9d0c3) Importer(815301076,1909f56bfc062723c751e8b465ee728b)  -> (artifact id: '4e6be19b953b42114377c64ea4c1738e') in 0.001845 seconds
  Import took 0.006679 seconds .

========================================================================
Received Import Request.
  Time since last request: 0.284757 seconds.
  path: Assets/Darth_Artisan/Free_Trees/Prefabs
  artifactKey: Guid(2365d38fec1724d4199604c670e1f4a6) Importer(815301076,1909f56bfc062723c751e8b465ee728b)
Start importing Assets/Darth_Artisan/Free_Trees/Prefabs using Guid(2365d38fec1724d4199604c670e1f4a6) Importer(815301076,1909f56bfc062723c751e8b465ee728b)  -> (artifact id: '63360ba037e0d1de4c3a2ecdab67b4d1') in 0.001811 seconds
  Import took 0.005564 seconds .

========================================================================
Received Import Request.
  Time since last request: 0.558398 seconds.
  path: Assets/Darth_Artisan/Free_Trees/Scenes
  artifactKey: Guid(98e0572031ebf4a8aa53dbb5267597f0) Importer(815301076,1909f56bfc062723c751e8b465ee728b)
Start importing Assets/Darth_Artisan/Free_Trees/Scenes using Guid(98e0572031ebf4a8aa53dbb5267597f0) Importer(815301076,1909f56bfc062723c751e8b465ee728b)  -> (artifact id: '6d065518af6a95cb1deb89ba7e7c233f') in 0.002189 seconds
  Import took 0.006221 seconds .

========================================================================
Received Import Request.
  Time since last request: 0.445598 seconds.
  path: Assets/Darth_Artisan/Free_Trees/Textures
  artifactKey: Guid(05c318f3b28d946cea195fb1d77995fe) Importer(815301076,1909f56bfc062723c751e8b465ee728b)
Start importing Assets/Darth_Artisan/Free_Trees/Textures using Guid(05c318f3b28d946cea195fb1d77995fe) Importer(815301076,1909f56bfc062723c751e8b465ee728b)  -> (artifact id: 'e3ae22adf4c7090c810c085a00d65962') in 0.001818 seconds
  Import took 0.005583 seconds .

========================================================================
Received Import Request.
  Time since last request: 1.485804 seconds.
  path: Assets/Darth_Artisan/Free_Trees/Prefabs/Fir_Tree.prefab
  artifactKey: Guid(19682540d8a014522a319b1cf788aee2) Importer(815301076,1909f56bfc062723c751e8b465ee728b)
Start importing Assets/Darth_Artisan/Free_Trees/Prefabs/Fir_Tree.prefab using Guid(19682540d8a014522a319b1cf788aee2) Importer(815301076,1909f56bfc062723c751e8b465ee728b)  -> (artifact id: '21a96972c9ef37792b1f939b9457ed2d') in 0.254197 seconds
  Import took 0.257941 seconds .

========================================================================
Received Import Request.
  Time since last request: 0.000340 seconds.
  path: Assets/Darth_Artisan/Free_Trees/Prefabs/Poplar_Tree.prefab
  artifactKey: Guid(826b6a0b570e8460990010fa615b5a2a) Importer(815301076,1909f56bfc062723c751e8b465ee728b)
Start importing Assets/Darth_Artisan/Free_Trees/Prefabs/Poplar_Tree.prefab using Guid(826b6a0b570e8460990010fa615b5a2a) Importer(815301076,1909f56bfc062723c751e8b465ee728b)  -> (artifact id: '2fea3140f8eccedf2aa4ba9121ab9810') in 0.014120 seconds
  Import took 0.017467 seconds .

========================================================================
Received Import Request.
  Time since last request: 0.000253 seconds.
  path: Assets/Darth_Artisan/Free_Trees/Prefabs/Oak_Tree.prefab
  artifactKey: Guid(c44bd9bdc114d4a60932c0087d9d1732) Importer(815301076,1909f56bfc062723c751e8b465ee728b)
Start importing Assets/Darth_Artisan/Free_Trees/Prefabs/Oak_Tree.prefab using Guid(c44bd9bdc114d4a60932c0087d9d1732) Importer(815301076,1909f56bfc062723c751e8b465ee728b)  -> (artifact id: 'bb1ecfbea3d9c37fffe47bae0ef32706') in 0.013310 seconds
  Import took 0.019242 seconds .

========================================================================
Received Import Request.
  Time since last request: 0.000264 seconds.
  path: Assets/Darth_Artisan/Free_Trees/Prefabs/Palm_Tree.prefab
  artifactKey: Guid(c6b7fb383a3534b039692b5485b6e739) Importer(815301076,1909f56bfc062723c751e8b465ee728b)
Start importing Assets/Darth_Artisan/Free_Trees/Prefabs/Palm_Tree.prefab using Guid(c6b7fb383a3534b039692b5485b6e739) Importer(815301076,1909f56bfc062723c751e8b465ee728b)  -> (artifact id: '0340ccef9bacd83b15b86fb9077303dc') in 0.012848 seconds
  Import took 0.017092 seconds .

========================================================================
Received Import Request.
  Time since last request: 68.352750 seconds.
  path: Assets/Materials
  artifactKey: Guid(d0234ba368eeec9418390da711bfdad0) Importer(815301076,1909f56bfc062723c751e8b465ee728b)
Start importing Assets/Materials using Guid(d0234ba368eeec9418390da711bfdad0) Importer(815301076,1909f56bfc062723c751e8b465ee728b)  -> (artifact id: 'cf5a6696a581935533fe886b4fdbe084') in 0.003396 seconds
  Import took 0.008422 seconds .

========================================================================
Received Import Request.
  Time since last request: 0.069338 seconds.
  path: Assets/Materials/Skybox_Mat.mat
  artifactKey: Guid(0ffaa0b7117ba8c47a9d05ae701d4b4d) Importer(815301076,1909f56bfc062723c751e8b465ee728b)
Start importing Assets/Materials/Skybox_Mat.mat using Guid(0ffaa0b7117ba8c47a9d05ae701d4b4d) Importer(815301076,1909f56bfc062723c751e8b465ee728b)  -> (artifact id: '058d04c3df54d5baad3b296f5ad54744') in 0.048542 seconds
  Import took 0.052283 seconds .

========================================================================
Received Import Request.
  Time since last request: 14.903009 seconds.
  path: Assets/Materials/m.mat
  artifactKey: Guid(28e08aa43ef6a0c4095788c30733ead2) Importer(815301076,1909f56bfc062723c751e8b465ee728b)
Start importing Assets/Materials/m.mat using Guid(28e08aa43ef6a0c4095788c30733ead2) Importer(815301076,1909f56bfc062723c751e8b465ee728b)  -> (artifact id: 'd80d80b44f2647b2896c35f1b7aa1b9c') in 0.031374 seconds
  Import took 0.035051 seconds .

========================================================================
Received Import Request.
  Time since last request: 2.148295 seconds.
  path: Assets
  artifactKey: Guid(00000000000000001000000000000000) Importer(815301076,1909f56bfc062723c751e8b465ee728b)
Start importing Assets using Guid(00000000000000001000000000000000) Importer(815301076,1909f56bfc062723c751e8b465ee728b)  -> (artifact id: '819a33a9bd799f71faca6db75e8a216c') in 0.002082 seconds
  Import took 0.006355 seconds .

========================================================================
Received Import Request.
  Time since last request: 8.284793 seconds.
  path: Assets/slika
  artifactKey: Guid(377fa5cb864016940a9a9f885b561318) Importer(815301076,1909f56bfc062723c751e8b465ee728b)
Start importing Assets/slika using Guid(377fa5cb864016940a9a9f885b561318) Importer(815301076,1909f56bfc062723c751e8b465ee728b)  -> (artifact id: '92f36420b53a79ca2f7d43d7bb79217b') in 0.001795 seconds
  Import took 0.006165 seconds .

========================================================================
Received Import Request.
  Time since last request: 539.013059 seconds.
  path: Assets/Simple Vehicle Pack
  artifactKey: Guid(c3fc1ea3927009c48b290d7160ab2c08) Importer(815301076,1909f56bfc062723c751e8b465ee728b)
Start importing Assets/Simple Vehicle Pack using Guid(c3fc1ea3927009c48b290d7160ab2c08) Importer(815301076,1909f56bfc062723c751e8b465ee728b)  -> (artifact id: '428de48ee9a97dcc4211823b6a0dab22') in 0.002442 seconds
  Import took 0.007680 seconds .

========================================================================
Received Import Request.
  Time since last request: 3.491519 seconds.
  path: Assets/Simple Vehicle Pack/Prefabs
  artifactKey: Guid(24f2c341cec0b5449866cc1e55270d79) Importer(815301076,1909f56bfc062723c751e8b465ee728b)
Start importing Assets/Simple Vehicle Pack/Prefabs using Guid(24f2c341cec0b5449866cc1e55270d79) Importer(815301076,1909f56bfc062723c751e8b465ee728b)  -> (artifact id: '9ade5549a3180e110601ac1cd17339c9') in 0.001708 seconds
  Import took 0.005616 seconds .

========================================================================
Received Import Request.
  Time since last request: 0.899954 seconds.
  path: Assets/Simple Vehicle Pack/Models
  artifactKey: Guid(997e59417d7a8374583de63ee487f087) Importer(815301076,1909f56bfc062723c751e8b465ee728b)
Start importing Assets/Simple Vehicle Pack/Models using Guid(997e59417d7a8374583de63ee487f087) Importer(815301076,1909f56bfc062723c751e8b465ee728b)  -> (artifact id: '0d8d1a54be566db3d472cc858a5140ef') in 0.002367 seconds
  Import took 0.007025 seconds .

========================================================================
Received Import Request.
  Time since last request: 0.860066 seconds.
  path: Assets/Simple Vehicle Pack/Materials
  artifactKey: Guid(2c7d24a2da02f5548b332cafc37ada89) Importer(815301076,1909f56bfc062723c751e8b465ee728b)
Start importing Assets/Simple Vehicle Pack/Materials using Guid(2c7d24a2da02f5548b332cafc37ada89) Importer(815301076,1909f56bfc062723c751e8b465ee728b)  -> (artifact id: 'b8ab026c655b455a970f759778a5e67e') in 0.001918 seconds
  Import took 0.007938 seconds .

========================================================================
Received Import Request.
  Time since last request: 1.732318 seconds.
  path: Assets/Simple Vehicle Pack/Prefabs/Bus_1.prefab
  artifactKey: Guid(fc4245223e4122142bb14239d44230ef) Importer(815301076,1909f56bfc062723c751e8b465ee728b)
Start importing Assets/Simple Vehicle Pack/Prefabs/Bus_1.prefab using Guid(fc4245223e4122142bb14239d44230ef) Importer(815301076,1909f56bfc062723c751e8b465ee728b)  -> (artifact id: '8c5be9b1d3404e5137de53bfa707a392') in 0.092136 seconds
  Import took 0.095880 seconds .

========================================================================
Received Import Request.
  Time since last request: 0.000358 seconds.
  path: Assets/Simple Vehicle Pack/Prefabs/Taxi.prefab
  artifactKey: Guid(50477af197889084e8a6d97f2b73b73b) Importer(815301076,1909f56bfc062723c751e8b465ee728b)
Start importing Assets/Simple Vehicle Pack/Prefabs/Taxi.prefab using Guid(50477af197889084e8a6d97f2b73b73b) Importer(815301076,1909f56bfc062723c751e8b465ee728b)  -> (artifact id: '19982f663706b4334ecf92d0c99ba800') in 0.185953 seconds
  Import took 0.189551 seconds .

========================================================================
Received Import Request.
  Time since last request: 0.000354 seconds.
  path: Assets/Simple Vehicle Pack/Prefabs/Car_3.prefab
  artifactKey: Guid(512151c1530b99343a884b12ee9c5e1e) Importer(815301076,1909f56bfc062723c751e8b465ee728b)
Start importing Assets/Simple Vehicle Pack/Prefabs/Car_3.prefab using Guid(512151c1530b99343a884b12ee9c5e1e) Importer(815301076,1909f56bfc062723c751e8b465ee728b)  -> (artifact id: '472abb8c3313737f7444406f0406b328') in 0.169080 seconds
  Import took 0.172260 seconds .

========================================================================
Received Import Request.
  Time since last request: 0.000363 seconds.
  path: Assets/Simple Vehicle Pack/Prefabs/Police_car.prefab
  artifactKey: Guid(f463242ba59e68243b7a693d4f0cfc18) Importer(815301076,1909f56bfc062723c751e8b465ee728b)
Start importing Assets/Simple Vehicle Pack/Prefabs/Police_car.prefab using Guid(f463242ba59e68243b7a693d4f0cfc18) Importer(815301076,1909f56bfc062723c751e8b465ee728b)  -> (artifact id: 'fa08745f0397446f1bedc3b3e37983b9') in 0.151273 seconds
  Import took 0.154650 seconds .

========================================================================
Received Import Request.
  Time since last request: 0.000298 seconds.
  path: Assets/Simple Vehicle Pack/Prefabs/Bus_2.prefab
  artifactKey: Guid(34941e62fdb557544ada8af1b5333ae0) Importer(815301076,1909f56bfc062723c751e8b465ee728b)
Start importing Assets/Simple Vehicle Pack/Prefabs/Bus_2.prefab using Guid(34941e62fdb557544ada8af1b5333ae0) Importer(815301076,1909f56bfc062723c751e8b465ee728b)  -> (artifact id: 'dfa39a70c589e5dce44067fb12a46ccf') in 0.053830 seconds
  Import took 0.057098 seconds .

========================================================================
Received Import Request.
  Time since last request: 0.000320 seconds.
  path: Assets/Simple Vehicle Pack/Prefabs/Car_4.prefab
  artifactKey: Guid(ab26596a331d7ee43a3e9d29e2be9f84) Importer(815301076,1909f56bfc062723c751e8b465ee728b)
Start importing Assets/Simple Vehicle Pack/Prefabs/Car_4.prefab using Guid(ab26596a331d7ee43a3e9d29e2be9f84) Importer(815301076,1909f56bfc062723c751e8b465ee728b)  -> (artifact id: '14f670f4fb9a8e410c886d2754078310') in 0.151145 seconds
  Import took 0.154289 seconds .

========================================================================
Received Import Request.
  Time since last request: 0.000359 seconds.
  path: Assets/Simple Vehicle Pack/Prefabs/Car_2.prefab
  artifactKey: Guid(2dc42346e5313b34c93d598a61994629) Importer(815301076,1909f56bfc062723c751e8b465ee728b)
Start importing Assets/Simple Vehicle Pack/Prefabs/Car_2.prefab using Guid(2dc42346e5313b34c93d598a61994629) Importer(815301076,1909f56bfc062723c751e8b465ee728b)  -> (artifact id: '568f17f1a6ee4e04c1ce6361cc0383c4') in 0.165271 seconds
  Import took 0.168418 seconds .

========================================================================
Received Import Request.
  Time since last request: 0.000349 seconds.
  path: Assets/Simple Vehicle Pack/Prefabs/Car_1.prefab
  artifactKey: Guid(0ae65270c30153049ab49eb3ebf070d6) Importer(815301076,1909f56bfc062723c751e8b465ee728b)
Start importing Assets/Simple Vehicle Pack/Prefabs/Car_1.prefab using Guid(0ae65270c30153049ab49eb3ebf070d6) Importer(815301076,1909f56bfc062723c751e8b465ee728b)  -> (artifact id: '1fbcb0bb25472023b0df95bbed52539e') in 0.147941 seconds
  Import took 0.151082 seconds .

========================================================================
Received Import Request.
  Time since last request: 1.734495 seconds.
  path: Assets/Simple Vehicle Pack/Prefabs/Mobile
  artifactKey: Guid(12cd57cac8700c442880dfd348d8c4dc) Importer(815301076,1909f56bfc062723c751e8b465ee728b)
Start importing Assets/Simple Vehicle Pack/Prefabs/Mobile using Guid(12cd57cac8700c442880dfd348d8c4dc) Importer(815301076,1909f56bfc062723c751e8b465ee728b)  -> (artifact id: '22b170be57c878a31fdd049269612f0e') in 0.003085 seconds
  Import took 0.006860 seconds .

========================================================================
Received Import Request.
  Time since last request: 0.175972 seconds.
  path: Assets/Simple Vehicle Pack/Prefabs/Mobile/Bus_1.prefab
  artifactKey: Guid(6717c7c2d677a9f439f502029ec5b22a) Importer(815301076,1909f56bfc062723c751e8b465ee728b)
Start importing Assets/Simple Vehicle Pack/Prefabs/Mobile/Bus_1.prefab using Guid(6717c7c2d677a9f439f502029ec5b22a) Importer(815301076,1909f56bfc062723c751e8b465ee728b)  -> (artifact id: '4bb8fc595559023cabe38e841f6c7a4c') in 0.049898 seconds
  Import took 0.053605 seconds .

========================================================================
Received Import Request.
  Time since last request: 0.000339 seconds.
  path: Assets/Simple Vehicle Pack/Prefabs/Mobile/Taxi.prefab
  artifactKey: Guid(6f993fa0f8fc9f045888054c717741b4) Importer(815301076,1909f56bfc062723c751e8b465ee728b)
Start importing Assets/Simple Vehicle Pack/Prefabs/Mobile/Taxi.prefab using Guid(6f993fa0f8fc9f045888054c717741b4) Importer(815301076,1909f56bfc062723c751e8b465ee728b)  -> (artifact id: 'dfe378bbc0bbdc5e7fd571b52f28e0de') in 0.019551 seconds
  Import took 0.022924 seconds .

========================================================================
Received Import Request.
  Time since last request: 0.000481 seconds.
  path: Assets/Simple Vehicle Pack/Prefabs/Mobile/Car_2.prefab
  artifactKey: Guid(388d83314c9e51c40956fb6908979eee) Importer(815301076,1909f56bfc062723c751e8b465ee728b)
Start importing Assets/Simple Vehicle Pack/Prefabs/Mobile/Car_2.prefab using Guid(388d83314c9e51c40956fb6908979eee) Importer(815301076,1909f56bfc062723c751e8b465ee728b)  -> (artifact id: 'd871e6d4485e2cb4e3c92912a9431882') in 0.023394 seconds
  Import took 0.027380 seconds .

========================================================================
Received Import Request.
  Time since last request: 0.000301 seconds.
  path: Assets/Simple Vehicle Pack/Prefabs/Mobile/Car_4.prefab
  artifactKey: Guid(558e73634b44f39458a7ea4a8a56976a) Importer(815301076,1909f56bfc062723c751e8b465ee728b)
Start importing Assets/Simple Vehicle Pack/Prefabs/Mobile/Car_4.prefab using Guid(558e73634b44f39458a7ea4a8a56976a) Importer(815301076,1909f56bfc062723c751e8b465ee728b)  -> (artifact id: 'aa11f6d1ddec1e15d5f163de5bb4d8ba') in 0.031109 seconds
  Import took 0.035186 seconds .

========================================================================
Received Import Request.
  Time since last request: 0.000314 seconds.
  path: Assets/Simple Vehicle Pack/Prefabs/Mobile/road_4.prefab
  artifactKey: Guid(6d54332e11f957a43984db1df5538f5b) Importer(815301076,1909f56bfc062723c751e8b465ee728b)
Start importing Assets/Simple Vehicle Pack/Prefabs/Mobile/road_4.prefab using Guid(6d54332e11f957a43984db1df5538f5b) Importer(815301076,1909f56bfc062723c751e8b465ee728b)  -> (artifact id: '43caff830c49f2d1bbf736c4fa965e00') in 0.019444 seconds
  Import took 0.023413 seconds .

========================================================================
Received Import Request.
  Time since last request: 0.000350 seconds.
  path: Assets/Simple Vehicle Pack/Prefabs/Mobile/Car_1.prefab
  artifactKey: Guid(1eb894c97da32c940a90228cac9bea1c) Importer(815301076,1909f56bfc062723c751e8b465ee728b)
Start importing Assets/Simple Vehicle Pack/Prefabs/Mobile/Car_1.prefab using Guid(1eb894c97da32c940a90228cac9bea1c) Importer(815301076,1909f56bfc062723c751e8b465ee728b)  -> (artifact id: '86c006a465c59e9252afb167aec634b6') in 0.019065 seconds
  Import took 0.023678 seconds .

========================================================================
Received Import Request.
  Time since last request: 0.000339 seconds.
  path: Assets/Simple Vehicle Pack/Prefabs/Mobile/Bus_2.prefab
  artifactKey: Guid(d3a9898e22901924b98de4fff69bf9e6) Importer(815301076,1909f56bfc062723c751e8b465ee728b)
Start importing Assets/Simple Vehicle Pack/Prefabs/Mobile/Bus_2.prefab using Guid(d3a9898e22901924b98de4fff69bf9e6) Importer(815301076,1909f56bfc062723c751e8b465ee728b)  -> (artifact id: '463a811cbb9570ec00fa5716dcba9fb4') in 0.010584 seconds
  Import took 0.013925 seconds .

========================================================================
Received Import Request.
  Time since last request: 0.000364 seconds.
  path: Assets/Simple Vehicle Pack/Prefabs/Mobile/Police_car.prefab
  artifactKey: Guid(7500aebe3382441458c34a315bb6842b) Importer(815301076,1909f56bfc062723c751e8b465ee728b)
Start importing Assets/Simple Vehicle Pack/Prefabs/Mobile/Police_car.prefab using Guid(7500aebe3382441458c34a315bb6842b) Importer(815301076,1909f56bfc062723c751e8b465ee728b)  -> (artifact id: '0ee4adbebe73c1021a5882d24163af3d') in 0.018713 seconds
  Import took 0.022113 seconds .

========================================================================
Received Import Request.
  Time since last request: 0.000262 seconds.
  path: Assets/Simple Vehicle Pack/Prefabs/Mobile/Car_3.prefab
  artifactKey: Guid(6d56b50e711a5204d9059e0c99b70eda) Importer(815301076,1909f56bfc062723c751e8b465ee728b)
Start importing Assets/Simple Vehicle Pack/Prefabs/Mobile/Car_3.prefab using Guid(6d56b50e711a5204d9059e0c99b70eda) Importer(815301076,1909f56bfc062723c751e8b465ee728b)  -> (artifact id: 'c59dde90bec713eb7e9e904a351e771a') in 0.023039 seconds
  Import took 0.026311 seconds .

========================================================================
Received Import Request.
  Time since last request: 28.756770 seconds.
  path: Assets/Simple Vehicle Pack/Textures
  artifactKey: Guid(ab9f03b61f4ea01419168bc069fbb008) Importer(815301076,1909f56bfc062723c751e8b465ee728b)
Start importing Assets/Simple Vehicle Pack/Textures using Guid(ab9f03b61f4ea01419168bc069fbb008) Importer(815301076,1909f56bfc062723c751e8b465ee728b)  -> (artifact id: '21e7fc5f93596c83ab6c714acf39b18f') in 0.001992 seconds
  Import took 0.007328 seconds .

========================================================================
Received Import Request.
  Time since last request: 0.082835 seconds.
  path: Assets/Simple Vehicle Pack/Textures/bus_albedo.tif
  artifactKey: Guid(0d8404aae9da47b4aa860ef1fe29da0d) Importer(815301076,1909f56bfc062723c751e8b465ee728b)
Start importing Assets/Simple Vehicle Pack/Textures/bus_albedo.tif using Guid(0d8404aae9da47b4aa860ef1fe29da0d) Importer(815301076,1909f56bfc062723c751e8b465ee728b)  -> (artifact id: 'f716526d697bcaa712158f3b415310d5') in 0.036878 seconds
  Import took 0.040888 seconds .

========================================================================
Received Import Request.
  Time since last request: 0.000303 seconds.
  path: Assets/Simple Vehicle Pack/Textures/cars_AO.tif
  artifactKey: Guid(bfccf8a69e2d9404da142af497edf1a1) Importer(815301076,1909f56bfc062723c751e8b465ee728b)
Start importing Assets/Simple Vehicle Pack/Textures/cars_AO.tif using Guid(bfccf8a69e2d9404da142af497edf1a1) Importer(815301076,1909f56bfc062723c751e8b465ee728b)  -> (artifact id: '01adc8a1ae8d4e103a830012c235ba44') in 0.055928 seconds
  Import took 0.059318 seconds .

========================================================================
Received Import Request.
  Time since last request: 0.000417 seconds.
  path: Assets/Simple Vehicle Pack/Textures/cars_metallic.tif
  artifactKey: Guid(74e476af0a0a8e9479ec32d4e03bbc75) Importer(815301076,1909f56bfc062723c751e8b465ee728b)
Start importing Assets/Simple Vehicle Pack/Textures/cars_metallic.tif using Guid(74e476af0a0a8e9479ec32d4e03bbc75) Importer(815301076,1909f56bfc062723c751e8b465ee728b)  -> (artifact id: '0aa44717691039f459213126247f8700') in 0.055397 seconds
  Import took 0.059707 seconds .

========================================================================
Received Import Request.
  Time since last request: 0.000338 seconds.
  path: Assets/Simple Vehicle Pack/Textures/bus_albedo_2.tif
  artifactKey: Guid(71c06d610b4d99e44bafd4130e9e567d) Importer(815301076,1909f56bfc062723c751e8b465ee728b)
Start importing Assets/Simple Vehicle Pack/Textures/bus_albedo_2.tif using Guid(71c06d610b4d99e44bafd4130e9e567d) Importer(815301076,1909f56bfc062723c751e8b465ee728b)  -> (artifact id: '8698630dd8d6157eca2918aaef05dfe0') in 0.017824 seconds
  Import took 0.020825 seconds .

========================================================================
Received Import Request.
  Time since last request: 0.000340 seconds.
  path: Assets/Simple Vehicle Pack/Textures/cars_albedo_2.tif
  artifactKey: Guid(7cb8cb42b17248f4a993ba742a595e5f) Importer(815301076,1909f56bfc062723c751e8b465ee728b)
Start importing Assets/Simple Vehicle Pack/Textures/cars_albedo_2.tif using Guid(7cb8cb42b17248f4a993ba742a595e5f) Importer(815301076,1909f56bfc062723c751e8b465ee728b)  -> (artifact id: '5eddc04cc1ff17905e74fb5c08133713') in 0.056767 seconds
  Import took 0.059836 seconds .

========================================================================
Received Import Request.
  Time since last request: 0.000353 seconds.
  path: Assets/Simple Vehicle Pack/Textures/cars_albedo.tif
  artifactKey: Guid(3ab13998715565f41826b8e7e94e9be4) Importer(815301076,1909f56bfc062723c751e8b465ee728b)
Start importing Assets/Simple Vehicle Pack/Textures/cars_albedo.tif using Guid(3ab13998715565f41826b8e7e94e9be4) Importer(815301076,1909f56bfc062723c751e8b465ee728b)  -> (artifact id: '0cf1abb4dd2af213d2137afbbd7259a5') in 0.056361 seconds
  Import took 0.059371 seconds .

========================================================================
Received Import Request.
  Time since last request: 0.000365 seconds.
  path: Assets/Simple Vehicle Pack/Textures/bus_metallic.tif
  artifactKey: Guid(46ff6946c86f0a248ac2814db3be0301) Importer(815301076,1909f56bfc062723c751e8b465ee728b)
Start importing Assets/Simple Vehicle Pack/Textures/bus_metallic.tif using Guid(46ff6946c86f0a248ac2814db3be0301) Importer(815301076,1909f56bfc062723c751e8b465ee728b)  -> (artifact id: '1c9a9ad1811dcee21b4c8ec2dc3d2e10') in 0.016932 seconds
  Import took 0.020023 seconds .

========================================================================
Received Import Request.
  Time since last request: 0.000336 seconds.
  path: Assets/Simple Vehicle Pack/Textures/bus_AO.tif
  artifactKey: Guid(9bb22276bb1cd5448b5106f8aab9f69b) Importer(815301076,1909f56bfc062723c751e8b465ee728b)
Start importing Assets/Simple Vehicle Pack/Textures/bus_AO.tif using Guid(9bb22276bb1cd5448b5106f8aab9f69b) Importer(815301076,1909f56bfc062723c751e8b465ee728b)  -> (artifact id: '2bf45c2638c38a694324dced876e48a5') in 0.025782 seconds
  Import took 0.031974 seconds .

AssetImportWorkerClient::OnTransportError - code=2 error=End of file
